<?xml version="1.0" encoding="UTF-8"?>
<testng-results ignored="0" total="1" passed="1" failed="0" skipped="0">
  <reporter-output>
  </reporter-output>
  <suite started-at="2024-10-29T22:43:09 EDT" name="Default suite" finished-at="2024-10-29T22:44:17 EDT" duration-ms="68515">
    <groups>
    </groups>
    <test started-at="2024-10-29T22:43:09 EDT" name="Default test" finished-at="2024-10-29T22:44:17 EDT" duration-ms="68515">
      <class name="BusyQA.FinalExamProject.FinalProject">
        <test-method is-config="true" signature="beforeTest()[pri:0, instance:BusyQA.FinalExamProject.FinalProject@15d49048]" started-at="2024-10-29T22:43:09 EDT" name="beforeTest" finished-at="2024-10-29T22:43:55 EDT" duration-ms="45918" status="PASS">
          <reporter-output>
          </reporter-output>
        </test-method> <!-- beforeTest -->
        <test-method signature="Test1()[pri:0, instance:BusyQA.FinalExamProject.FinalProject@15d49048]" started-at="2024-10-29T22:43:55 EDT" name="Test1" finished-at="2024-10-29T22:44:17 EDT" duration-ms="22141" status="PASS">
          <reporter-output>
          </reporter-output>
        </test-method> <!-- Test1 -->
        <test-method is-config="true" signature="close()[pri:0, instance:BusyQA.FinalExamProject.FinalProject@15d49048]" started-at="2024-10-29T22:44:17 EDT" name="close" finished-at="2024-10-29T22:44:17 EDT" duration-ms="391" status="PASS">
          <reporter-output>
          </reporter-output>
        </test-method> <!-- close -->
      </class> <!-- BusyQA.FinalExamProject.FinalProject -->
    </test> <!-- Default test -->
  </suite> <!-- Default suite -->
</testng-results>
